SF:lib\main.dart
DA:8,0
DA:11,1
DA:13,1
DA:15,1
DA:20,3
DA:21,1
DA:26,1
DA:28,1
DA:29,3
DA:30,1
DA:37,1
DA:45,1
DA:46,1
DA:65,1
DA:66,3
DA:67,2
DA:68,2
DA:69,1
DA:72,1
DA:75,1
DA:77,1
DA:81,2
DA:84,2
DA:85,2
DA:89,1
DA:90,1
DA:92,1
DA:93,1
DA:94,0
DA:95,2
DA:102,1
DA:103,2
DA:104,5
DA:108,1
DA:110,1
DA:111,1
DA:112,1
DA:115,1
DA:116,1
DA:117,1
DA:118,0
DA:122,1
DA:123,1
DA:126,1
DA:127,2
DA:128,3
DA:133,1
DA:134,1
DA:135,1
DA:136,2
LF:50
LH:47
end_of_record
SF:lib\models\transactin.dart
DA:7,1
LF:1
LH:1
end_of_record
SF:lib\widgets\new_transaction.dart
DA:7,1
DA:9,1
DA:10,1
DA:18,1
DA:19,3
DA:22,2
DA:23,3
DA:25,2
DA:29,3
DA:32,1
DA:35,3
DA:38,0
DA:39,0
DA:40,0
DA:41,0
DA:42,0
DA:43,0
DA:44,0
DA:48,0
DA:49,0
DA:52,0
DA:55,1
DA:57,1
DA:58,1
DA:60,1
DA:61,1
DA:62,1
DA:64,1
DA:65,1
DA:66,1
DA:67,1
DA:68,1
DA:69,0
DA:74,1
DA:75,1
DA:76,1
DA:77,1
DA:79,0
DA:82,1
DA:84,1
DA:85,1
DA:86,1
DA:87,1
DA:88,1
DA:90,4
DA:93,1
DA:94,2
DA:95,1
DA:97,1
DA:101,1
DA:106,1
DA:107,1
DA:108,2
DA:109,4
DA:110,1
LF:55
LH:43
end_of_record
SF:lib\widgets\transaction_list.dart
DA:10,1
DA:11,1
DA:13,1
DA:15,2
DA:16,1
DA:17,1
DA:18,1
DA:20,3
DA:22,1
DA:25,1
DA:26,1
DA:31,1
DA:32,1
DA:33,1
DA:34,1
DA:36,1
DA:40,1
DA:41,1
DA:43,1
DA:44,1
DA:45,1
DA:46,5
DA:50,1
DA:51,3
DA:52,3
DA:54,1
DA:55,5
DA:57,1
DA:58,1
DA:59,1
DA:60,2
DA:61,6
DA:66,2
LF:33
LH:33
end_of_record
SF:lib\widgets\chart.dart
DA:9,1
DA:11,1
DA:12,2
DA:13,2
DA:14,1
DA:18,4
DA:19,6
DA:20,6
DA:21,6
DA:22,4
DA:26,1
DA:27,3
DA:30,2
DA:33,1
DA:34,3
DA:35,2
DA:39,1
DA:41,1
DA:43,1
DA:44,1
DA:45,1
DA:46,1
DA:48,3
DA:49,1
DA:51,1
DA:52,2
DA:53,1
DA:54,2
DA:56,3
DA:59,1
LF:30
LH:30
end_of_record
SF:lib\widgets\chart_bar.dart
DA:8,1
DA:10,1
DA:12,1
DA:13,1
DA:14,1
DA:16,1
DA:17,4
DA:20,1
DA:23,1
DA:26,1
DA:27,1
DA:28,1
DA:29,1
DA:30,1
DA:31,1
DA:32,1
DA:35,1
DA:36,1
DA:37,1
DA:38,1
DA:39,2
DA:40,1
DA:47,1
DA:50,2
LF:24
LH:24
end_of_record
